<?xml version="1.0" encoding="UTF-8"?>
<!-- Generated by org.testng.reporters.JUnitXMLReporter -->
<testsuite ignored="1" hostname="DESKTOP-2DNUNSD" failures="0" tests="6" name="Default test" time="0.056" errors="0" timestamp="2024-08-21T14:22:38 IST">
  <testcase classname="com.verizon.SumTest" name="addNumTest1" time="0.007"/>
  <testcase classname="com.verizon.SumTest" name="addNumTest1" time="0.002"/>
  <testcase classname="com.verizon.SumTest" name="addNumTest1" time="0.001"/>
  <testcase classname="com.verizon.SumTest" name="addNumTest1" time="0.001"/>
  <testcase classname="com.verizon.SumTest" name="addNumTest1" time="0.001"/>
  <testcase classname="com.verizon.SumTest" name="addNumTest" time="0.001"/>
  <testcase classname="com.verizon.SumTest" name="addNumTest2" time="0.0">
    <ignored/>
  </testcase> <!-- addNumTest2 -->
</testsuite> <!-- Default test -->
